This is pdfTeX, Version 3.141592653-2.6-1.40.28 (MiKTeX 25.12) (preloaded format=pdflatex 2026.5.24)  24 MAY 2026 07:39
entering extended mode
 restricted \write18 enabled.
 file:line:error style messages enabled.
 %&-line parsing enabled.
**c:/Universidad/Ingeniería/Tesis/Documento_Tesis/Propuesta_TG/main.tex
(c:/Universidad/Ingeniería/Tesis/Documento_Tesis/Propuesta_TG/main.tex
LaTeX2e <2025-11-01>
L3 programming layer <2026-04-28>
(C:\MikTeX\tex/latex/base\article.cls
Document Class: article 2025/01/22 v1.4n Standard LaTeX document class
(C:\MikTeX\tex/latex/base\size12.clo
File: size12.clo 2025/01/22 v1.4n Standard LaTeX file (size option)
)
\c@part=\count276
\c@section=\count277
\c@subsection=\count278
\c@subsubsection=\count279
\c@paragraph=\count280
\c@subparagraph=\count281
\c@figure=\count282
\c@table=\count283
\abovecaptionskip=\skip49
\belowcaptionskip=\skip50
\bibindent=\dimen150
) (C:\MikTeX\tex/latex/base\inputenc.sty
Package: inputenc 2024/02/08 v1.3d Input encoding file
\inpenc@prehook=\toks17
\inpenc@posthook=\toks18
) (C:\MikTeX\tex/generic/babel\babel.sty
Package: babel 2026/05/20 v26.8 The multilingual framework for LuaLaTeX, pdfLaTeX and XeLaTeX
\babel@savecnt=\count284
LaTeX Encoding Info:    Redeclaring text command \ij (encoding OT1) on input line 2084.
LaTeX Encoding Info:    Redeclaring text command \IJ (encoding OT1) on input line 2086.
LaTeX Encoding Info:    Redeclaring text command \ij (encoding T1) on input line 2088.
LaTeX Encoding Info:    Redeclaring text command \IJ (encoding T1) on input line 2089.
LaTeX Encoding Info:    Ignoring declaration for text command \ij (encoding ?) on input line 2090.
LaTeX Encoding Info:    Ignoring declaration for text command \IJ (encoding ?) on input line 2092.
LaTeX Encoding Info:    Ignoring declaration for text command \SS (encoding ?) on input line 2117.
\U@D=\dimen151
\l@unhyphenated=\language79
 (C:\MikTeX\tex/generic/babel\txtbabel.def)
\bbl@readstream=\read2
\bbl@dirlevel=\count285
Package babel Info: Configuration files are deprecated, as
(babel)             they can break document portability.
(babel)             Reported on input line 4228.

*************************************
* Local config file bblopts.cfg used
*
(C:\MikTeX\tex/latex/arabi\bblopts.cfg
File: bblopts.cfg 2005/09/08 v0.1 add Arabic and Farsi to "declared" options of babel
) (C:\MikTeX\tex/generic/babel/locale/es\babel-spanish.tex)
Package babel Info: Importing font and identification data for spanish
(babel)             from babel-es.ini. Reported on input line 4356.
 (C:\MikTeX\tex/latex/babel-spanish\spanish.ldf
Language: spanish.ldf 2021/05/27 v5.0q Spanish support from the babel system
\es@quottoks=\toks19
\es@quotdepth=\count286
Package babel Info: Making " an active character on input line 570.
Package babel Info: Making . an active character on input line 675.
Package babel Info: Making < an active character on input line 722.
Package babel Info: Making > an active character on input line 722.
))
LaTeX Encoding Info:    Redeclaring text command \guillemotleft (encoding OT1) on input line 5.
LaTeX Encoding Info:    Redeclaring text command \guillemotright (encoding OT1) on input line 5.
 (C:\MikTeX\tex/latex/geometry\geometry.sty
Package: geometry 2026/03/07 v6.0 Page Geometry
 (C:\MikTeX\tex/latex/graphics\keyval.sty
Package: keyval 2022/05/29 v1.15 key=value parser (DPC)
\KV@toks@=\toks20
) (C:\MikTeX\tex/generic/iftex\ifvtex.sty
Package: ifvtex 2019/10/25 v1.7 ifvtex legacy package. Use iftex instead.
 (C:\MikTeX\tex/generic/iftex\iftex.sty
Package: iftex 2024/12/12 v1.0g TeX engine tests
))
\Gm@cnth=\count287
\Gm@cntv=\count288
\c@Gm@tempcnt=\count289
\Gm@bindingoffset=\dimen152
\Gm@wd@mp=\dimen153
\Gm@odd@mp=\dimen154
\Gm@even@mp=\dimen155
\Gm@layoutwidth=\dimen156
\Gm@layoutheight=\dimen157
\Gm@layouthoffset=\dimen158
\Gm@layoutvoffset=\dimen159
\Gm@dimlist=\toks21
 (C:\MikTeX\tex/latex/geometry\geometry.cfg)) (C:\MikTeX\tex/latex/hyperref\hyperref.sty
Package: hyperref 2026-04-24 v7.01q Hypertext links for LaTeX
 (C:\MikTeX\tex/latex/kvsetkeys\kvsetkeys.sty
Package: kvsetkeys 2022-10-05 v1.19 Key value parser (HO)
) (C:\MikTeX\tex/generic/kvdefinekeys\kvdefinekeys.sty
Package: kvdefinekeys 2019-12-19 v1.6 Define keys (HO)
) (C:\MikTeX\tex/generic/pdfescape\pdfescape.sty
Package: pdfescape 2019/12/09 v1.15 Implements pdfTeX's escape features (HO)
 (C:\MikTeX\tex/generic/ltxcmds\ltxcmds.sty
Package: ltxcmds 2023-12-04 v1.26 LaTeX kernel commands for general use (HO)
) (C:\MikTeX\tex/generic/pdftexcmds\pdftexcmds.sty
Package: pdftexcmds 2020-06-27 v0.33 Utility functions of pdfTeX for LuaTeX (HO)
 (C:\MikTeX\tex/generic/infwarerr\infwarerr.sty
Package: infwarerr 2019/12/03 v1.5 Providing info/warning/error messages (HO)
)
Package pdftexcmds Info: \pdf@primitive is available.
Package pdftexcmds Info: \pdf@ifprimitive is available.
Package pdftexcmds Info: \pdfdraftmode found.
)) (C:\MikTeX\tex/latex/hycolor\hycolor.sty
Package: hycolor 2020-01-27 v1.10 Color options for hyperref/bookmark (HO)
) (C:\MikTeX\tex/latex/hyperref\nameref.sty
Package: nameref 2026-01-29 v2.58 Cross-referencing by name of section
 (C:\MikTeX\tex/latex/refcount\refcount.sty
Package: refcount 2019/12/15 v3.6 Data extraction from label references (HO)
) (C:\MikTeX\tex/generic/gettitlestring\gettitlestring.sty
Package: gettitlestring 2019/12/15 v1.6 Cleanup title references (HO)
 (C:\MikTeX\tex/latex/kvoptions\kvoptions.sty
Package: kvoptions 2022-06-15 v3.15 Key value format for package options (HO)
))
\c@section@level=\count290
) (C:\MikTeX\tex/latex/etoolbox\etoolbox.sty
Package: etoolbox 2025/10/02 v2.5m e-TeX tools for LaTeX (JAW)
\etb@tempcnta=\count291
) (C:\MikTeX\tex/generic/stringenc\stringenc.sty
Package: stringenc 2019/11/29 v1.12 Convert strings between diff. encodings (HO)
)
\@linkdim=\dimen160
\Hy@linkcounter=\count292
\Hy@pagecounter=\count293
 (C:\MikTeX\tex/latex/hyperref\pd1enc.def
File: pd1enc.def 2026-04-24 v7.01q Hyperref: PDFDocEncoding definition (HO)
Now handling font encoding PD1 ...
... no UTF-8 mapping file for font encoding PD1
) (C:\MikTeX\tex/generic/intcalc\intcalc.sty
Package: intcalc 2019/12/15 v1.3 Expandable calculations with integers (HO)
)
\Hy@SavedSpaceFactor=\count294
 (C:\MikTeX\tex/latex/hyperref\puenc.def
File: puenc.def 2026-04-24 v7.01q Hyperref: PDF Unicode definition (HO)
Now handling font encoding PU ...
... no UTF-8 mapping file for font encoding PU
)
Package hyperref Info: Hyper figures OFF on input line 4199.
Package hyperref Info: Link nesting OFF on input line 4204.
Package hyperref Info: Hyper index ON on input line 4207.
Package hyperref Info: Plain pages OFF on input line 4214.
Package hyperref Info: Backreferencing OFF on input line 4219.
Package hyperref Info: Implicit mode ON; LaTeX internals redefined.
Package hyperref Info: Bookmarks ON on input line 4466.
\c@Hy@tempcnt=\count295
 (C:\MikTeX\tex/latex/url\url.sty
\Urlmuskip=\muskip17
Package: url 2013/09/16  ver 3.4  Verb mode for urls, etc.
)
LaTeX Info: Redefining \url on input line 4805.
\XeTeXLinkMargin=\dimen161
 (C:\MikTeX\tex/generic/bitset\bitset.sty
Package: bitset 2019/12/09 v1.3 Handle bit-vector datatype (HO)
 (C:\MikTeX\tex/generic/bigintcalc\bigintcalc.sty
Package: bigintcalc 2019/12/15 v1.5 Expandable calculations on big integers (HO)
))
\Fld@menulength=\count296
\Field@Width=\dimen162
\Fld@charsize=\dimen163
Package hyperref Info: Hyper figures OFF on input line 6091.
Package hyperref Info: Link nesting OFF on input line 6096.
Package hyperref Info: Hyper index ON on input line 6099.
Package hyperref Info: backreferencing OFF on input line 6106.
Package hyperref Info: Link coloring OFF on input line 6111.
Package hyperref Info: Link coloring with OCG OFF on input line 6116.
Package hyperref Info: PDF/A mode OFF on input line 6121.
\Hy@abspage=\count297
\c@Item=\count298
\c@Hfootnote=\count299
)
Package hyperref Info: Driver (autodetected): hpdftex.
 (C:\MikTeX\tex/latex/hyperref\hpdftex.def
File: hpdftex.def 2026-04-24 v7.01q Hyperref driver for pdfTeX
\Fld@listcount=\count300
\c@bookmark@seq@number=\count301
 (C:\MikTeX\tex/latex/rerunfilecheck\rerunfilecheck.sty
Package: rerunfilecheck 2025-06-21 v1.11 Rerun checks for auxiliary files (HO)
 (C:\MikTeX\tex/generic/uniquecounter\uniquecounter.sty
Package: uniquecounter 2019/12/15 v1.4 Provide unlimited unique counter (HO)
)
Package uniquecounter Info: New unique counter `rerunfilecheck' on input line 284.
)
\Hy@SectionHShift=\skip51
) (C:\MikTeX\tex/latex/tools\longtable.sty
Package: longtable 2025-10-13 v4.24 Multi-page Table package (DPC)
\LTleft=\skip52
\LTright=\skip53
\LTpre=\skip54
\LTpost=\skip55
\LTchunksize=\count302
\LTcapwidth=\dimen164
\LT@head=\box53
\LT@firsthead=\box54
\LT@foot=\box55
\LT@lastfoot=\box56
\LT@gbox=\box57
\LT@cols=\count303
\LT@rows=\count304
\c@LT@tables=\count305
\c@LT@chunks=\count306
\LT@p@ftn=\toks22
) (C:\MikTeX\tex/latex/tools\tabularx.sty
Package: tabularx 2023/12/11 v2.12a `tabularx' package (DPC)
 (C:\MikTeX\tex/latex/tools\array.sty
Package: array 2025/09/25 v2.6n Tabular extension package (FMi)
\col@sep=\dimen165
\ar@mcellbox=\box58
\extrarowheight=\dimen166
\NC@list=\toks23
\extratabsurround=\skip56
\backup@length=\skip57
\ar@cellbox=\box59
)
\TX@col@width=\dimen167
\TX@old@table=\dimen168
\TX@old@col=\dimen169
\TX@target=\dimen170
\TX@delta=\dimen171
\TX@cols=\count307
\TX@ftn=\toks24
) (C:\MikTeX\tex/latex/booktabs\booktabs.sty
Package: booktabs 2020/01/12 v1.61803398 Publication quality tables
\heavyrulewidth=\dimen172
\lightrulewidth=\dimen173
\cmidrulewidth=\dimen174
\belowrulesep=\dimen175
\belowbottomsep=\dimen176
\aboverulesep=\dimen177
\abovetopsep=\dimen178
\cmidrulesep=\dimen179
\cmidrulekern=\dimen180
\defaultaddspace=\dimen181
\@cmidla=\count308
\@cmidlb=\count309
\@aboverulesep=\dimen182
\@belowrulesep=\dimen183
\@thisruleclass=\count310
\@lastruleclass=\count311
\@thisrulewidth=\dimen184
) (C:\MikTeX\tex/latex/enumitem\enumitem.sty
Package: enumitem 2025/02/06 v3.11 Customized lists
\labelindent=\skip58
\enit@outerparindent=\dimen185
\enit@toks=\toks25
\enit@inbox=\box60
\enit@count@id=\count312
\enitdp@description=\count313
) (C:\MikTeX\tex/latex/float\float.sty
Package: float 2001/11/08 v1.3d Float enhancements (AL)
\c@float@type=\count314
\float@exts=\toks26
\float@box=\box61
\@float@everytoks=\toks27
\@floatcapt=\box62
) (C:\MikTeX\tex/latex/graphics\graphicx.sty
Package: graphicx 2024/12/31 v1.2e Enhanced LaTeX Graphics (DPC,SPQR)
 (C:\MikTeX\tex/latex/graphics\graphics.sty
Package: graphics 2024/08/06 v1.4g Standard LaTeX Graphics (DPC,SPQR)
 (C:\MikTeX\tex/latex/graphics\trig.sty
Package: trig 2023/12/02 v1.11 sin cos tan (DPC)
) (C:\MikTeX\tex/latex/graphics-cfg\graphics.cfg
File: graphics.cfg 2016/06/04 v1.11 sample graphics configuration
)
Package graphics Info: Driver file: pdftex.def on input line 106.
 (C:\MikTeX\tex/latex/graphics-def\pdftex.def
File: pdftex.def 2025/09/29 v1.2d Graphics/color driver for pdftex
))
\Gin@req@height=\dimen186
\Gin@req@width=\dimen187
) (C:\MikTeX\tex/latex/fancyhdr\fancyhdr.sty
Package: fancyhdr 2025/02/07 v5.2 Extensive control of page headers and footers
\f@nch@headwidth=\skip59
\f@nch@offset@elh=\skip60
\f@nch@offset@erh=\skip61
\f@nch@offset@olh=\skip62
\f@nch@offset@orh=\skip63
\f@nch@offset@elf=\skip64
\f@nch@offset@erf=\skip65
\f@nch@offset@olf=\skip66
\f@nch@offset@orf=\skip67
\f@nch@height=\skip68
\f@nch@footalignment=\skip69
\f@nch@widthL=\skip70
\f@nch@widthC=\skip71
\f@nch@widthR=\skip72
\@temptokenb=\toks28
) (C:\MikTeX\tex/latex/l3backend\l3backend-pdftex.def
File: l3backend-pdftex.def 2026-02-18 L3 backend support: PDF output (pdfTeX)
\l__color_backend_stack_int=\count315
) (main.aux
LaTeX Info: Redefining \. on input line 11.
LaTeX Info: Redefining \% on input line 11.
Package babel Info: 'spanish' activates 'spanish' shorthands.
(babel)             Reported on input line 11.
)
\openout1 = `main.aux'.

LaTeX Font Info:    Checking defaults for OML/cmm/m/it on input line 20.
LaTeX Font Info:    ... okay on input line 20.
LaTeX Font Info:    Checking defaults for OMS/cmsy/m/n on input line 20.
LaTeX Font Info:    ... okay on input line 20.
LaTeX Font Info:    Checking defaults for OT1/cmr/m/n on input line 20.
LaTeX Font Info:    ... okay on input line 20.
LaTeX Font Info:    Checking defaults for T1/cmr/m/n on input line 20.
LaTeX Font Info:    ... okay on input line 20.
LaTeX Font Info:    Checking defaults for TS1/cmr/m/n on input line 20.
LaTeX Font Info:    ... okay on input line 20.
LaTeX Font Info:    Checking defaults for OMX/cmex/m/n on input line 20.
LaTeX Font Info:    ... okay on input line 20.
LaTeX Font Info:    Checking defaults for U/cmr/m/n on input line 20.
LaTeX Font Info:    ... okay on input line 20.
LaTeX Font Info:    Checking defaults for PD1/pdf/m/n on input line 20.
LaTeX Font Info:    ... okay on input line 20.
LaTeX Font Info:    Checking defaults for PU/pdf/m/n on input line 20.
LaTeX Font Info:    ... okay on input line 20.
LaTeX Info: Redefining \. on input line 20.
LaTeX Info: Redefining \% on input line 20.

*geometry* driver: auto-detecting
*geometry* detected driver: pdftex
*geometry* verbose mode - [ preamble ] result:
* driver: pdftex
* paper: a4paper
* layout: <same size as paper>
* layoutoffset:(h,v)=(0.0pt,0.0pt)
* modes: 
* h-part:(L,W,R)=(89.62709pt, 418.25368pt, 89.6271pt)
* v-part:(T,H,B)=(101.40665pt, 591.5302pt, 152.11pt)
* \paperwidth=597.50787pt
* \paperheight=845.04684pt
* \textwidth=418.25368pt
* \textheight=591.5302pt
* \oddsidemargin=17.3571pt
* \evensidemargin=17.3571pt
* \topmargin=-7.86334pt
* \headheight=12.0pt
* \headsep=25.0pt
* \topskip=12.0pt
* \footskip=30.0pt
* \marginparwidth=35.0pt
* \marginparsep=10.0pt
* \columnsep=10.0pt
* \skip\footins=10.8pt plus 4.0pt minus 2.0pt
* \hoffset=0.0pt
* \voffset=0.0pt
* \mag=1000
* \@twocolumnfalse
* \@twosidefalse
* \@mparswitchfalse
* \@reversemarginfalse
* (1in=72.27pt=25.4mm, 1cm=28.453pt)

Package hyperref Info: Link coloring OFF on input line 20.
(main.out) (main.out)
\@outlinefile=\write3
\openout3 = `main.out'.

 (C:\MikTeX\tex/context/base/mkii\supp-pdf.mkii
[Loading MPS to PDF converter (version 2006.09.02).]
\scratchcounter=\count316
\scratchdimen=\dimen188
\scratchbox=\box63
\nofMPsegments=\count317
\nofMParguments=\count318
\everyMPshowfont=\toks29
\MPscratchCnt=\count319
\MPscratchDim=\dimen189
\MPnumerator=\count320
\makeMPintoPDFobject=\count321
\everyMPtoPDFconversion=\toks30
) (C:\MikTeX\tex/latex/epstopdf-pkg\epstopdf-base.sty
Package: epstopdf-base 2020-01-24 v2.11 Base part for package epstopdf
Package epstopdf-base Info: Redefining graphics rule for `.eps' on input line 485.
 (C:\MikTeX\tex/latex/00miktex\epstopdf-sys.cfg
File: epstopdf-sys.cfg 2021/03/18 v2.0 Configuration of epstopdf for MiKTeX
))
*geometry* verbose mode - [ newgeometry ] result:
* driver: pdftex
* paper: a4paper
* layout: <same size as paper>
* layoutoffset:(h,v)=(0.0pt,0.0pt)
* modes: 
* h-part:(L,W,R)=(36.98866pt, 523.53055pt, 36.98866pt)
* v-part:(T,H,B)=(17.07182pt, 785.2959pt, 42.67912pt)
* \paperwidth=597.50787pt
* \paperheight=845.04684pt
* \textwidth=523.53055pt
* \textheight=785.2959pt
* \oddsidemargin=-35.28133pt
* \evensidemargin=-35.28133pt
* \topmargin=-92.19817pt
* \headheight=12.0pt
* \headsep=25.0pt
* \topskip=12.0pt
* \footskip=30.0pt
* \marginparwidth=35.0pt
* \marginparsep=10.0pt
* \columnsep=10.0pt
* \skip\footins=10.8pt plus 4.0pt minus 2.0pt
* \hoffset=0.0pt
* \voffset=0.0pt
* \mag=1000
* \@twocolumnfalse
* \@twosidefalse
* \@mparswitchfalse
* \@reversemarginfalse
* (1in=72.27pt=25.4mm, 1cm=28.453pt)

<universidad-javeriana.png, id=151, 501.875pt x 283.0575pt>
File: universidad-javeriana.png Graphic file (type png)
<use universidad-javeriana.png>
Package pdftex.def Info: universidad-javeriana.png  used on input line 25.
(pdftex.def)             Requested size: 170.71652pt x 96.28578pt.
LaTeX Font Info:    External font `cmex10' loaded for size
(Font)              <8> on input line 40.
LaTeX Font Info:    External font `cmex10' loaded for size
(Font)              <6> on input line 40.
LaTeX Font Info:    External font `cmex10' loaded for size
(Font)              <5> on input line 40.
 [1


{C:/Users/Andres/AppData/Local/MiKTeX/fonts/map/pdftex/pdftex.map} <./universidad-javeriana.png>] (main.toc
LaTeX Info: Redefining \. on input line 1.
LaTeX Info: Redefining \% on input line 1.
LaTeX Font Info:    External font `cmex10' loaded for size
(Font)              <12> on input line 3.
 [2


])
\tf@toc=\write4
\openout4 = `main.toc'.

 [3] [4

] [5] [6]
Underfull \hbox (badness 1983) in paragraph at lines 183--183
[]|\OT1/cmr/m/n/8 Normas ins-ti-tu-cio-na-les PUJ,
 []


Underfull \hbox (badness 2103) in paragraph at lines 183--183
\OT1/cmr/m/n/8 pr^^Sacti-cas de for-mu-la-ci^^Son de
 []


Underfull \hbox (badness 1838) in paragraph at lines 183--183
\OT1/cmr/bx/n/8 (SDD) y pro-pues-ta de
 []


Underfull \hbox (badness 1019) in paragraph at lines 183--183
[]|\OT1/cmr/bx/n/8 Suite de tres con-tra-tos
 []


Underfull \hbox (badness 10000) in paragraph at lines 183--183
[]|\OT1/cmr/m/n/8 Rust, So-ro-ban SDK 23,
 []


Underfull \hbox (badness 6927) in paragraph at lines 183--183
\OT1/cmr/m/n/8 greSQL, API REST so-bre
 []


Underfull \hbox (badness 10000) in paragraph at lines 183--183
[]|\OT1/cmr/bx/n/8 Frontend web
 []


Underfull \hbox (badness 4713) in paragraph at lines 183--183
\OT1/cmr/m/n/8 shadcn/ui, bue-nas pr^^Sacti-cas
 []


Underfull \hbox (badness 10000) in paragraph at lines 183--183
[]|\OT1/cmr/m/n/8 GitHub Ac-tions, bue-nas
 []

[7] [8
pdfTeX warning (ext4): destination with the same identifier (name{table.1}) has been already used, duplicate ignored
<argument> ...shipout:D \box_use:N \l_shipout_box 
                                                  \__shipout_drop_firstpage_...
l.192 
      ] [9] [10] [11] [12] [13] [14] [15] [16] [17] [18] [19]
Underfull \hbox (badness 10000) in paragraph at lines 562--562
[]|\OT1/cmr/bx/n/10.95 Alternativa
 []


Underfull \hbox (badness 10000) in paragraph at lines 562--562
\OT1/cmr/bx/n/10.95 1: Sis-te-ma
 []


Underfull \hbox (badness 10000) in paragraph at lines 562--562
[]|\OT1/cmr/bx/n/10.95 Alternativa
 []


Underfull \hbox (badness 10000) in paragraph at lines 562--562
\OT1/cmr/bx/n/10.95 2: C^^Sodi-gos
 []


Underfull \hbox (badness 10000) in paragraph at lines 562--562
[]|\OT1/cmr/bx/n/10.95 Alternativa
 []


Underfull \hbox (badness 10000) in paragraph at lines 562--562
\OT1/cmr/bx/n/10.95 3: Block-
 []


Underfull \hbox (badness 10000) in paragraph at lines 562--562
[]|\OT1/cmr/bx/n/10.95 Propuesta:
 []


Underfull \hbox (badness 10000) in paragraph at lines 562--562
\OT1/cmr/bx/n/10.95 Ste-
 []


Underfull \hbox (badness 10000) in paragraph at lines 562--562
\OT1/cmr/bx/n/10.95 llar/Soroban
 []


Underfull \hbox (badness 10000) in paragraph at lines 562--562
[]|\OT1/cmr/bx/n/10.95 Velocidad de
 []


Overfull \hbox (4.66583pt too wide) in paragraph at lines 562--562
[]|\OT1/cmr/bx/n/10.95 Descentralizaci^^Son| 
 []


Underfull \hbox (badness 10000) in paragraph at lines 562--562
[]|\OT1/cmr/bx/n/10.95 Complejidad
 []


Underfull \hbox (badness 10000) in paragraph at lines 562--562
[]|\OT1/cmr/bx/n/10.95 Confianza del
 []


Underfull \hbox (badness 7116) in paragraph at lines 562--562
[]|\OT1/cmr/bx/n/10.95 Costo pa-ra el
 []


Underfull \hbox (badness 10000) in paragraph at lines 562--562
[]|\OT1/cmr/bx/n/10.95 Impacto so-cial
 []

[20] [21
pdfTeX warning (ext4): destination with the same identifier (name{table.2}) has been already used, duplicate ignored
<argument> ...shipout:D \box_use:N \l_shipout_box 
                                                  \__shipout_drop_firstpage_...
l.568 \clearpage
                ]
Underfull \hbox (badness 1975) in paragraph at lines 582--583
[]\OT1/cmr/m/n/12 P. Som-bat and P. Ra-ta-na-wo-ra-chan, ``A Blockchain-Based Tic-ket Sa-
 []


Underfull \hbox (badness 1424) in paragraph at lines 582--583
\OT1/cmr/m/it/12 En-gi-nee-ring Con-fe-ren-ce (IC-SEC)\OT1/cmr/m/n/12 , 2023, pp. 226--230, doi: 10.1109/IC-
 []

[22

]
Underfull \hbox (badness 2261) in paragraph at lines 627--628
[]\OT1/cmr/m/n/12 A. Gua-ya-sam^^S^^Pn, W. Fuer-tes, N. Ca-rre-ra, L. Tello-Oquendo, and V.
 []

[23] [24] (main.aux
LaTeX Info: Redefining \. on input line 11.
LaTeX Info: Redefining \% on input line 11.
)
 ***********
LaTeX2e <2025-11-01>
L3 programming layer <2026-04-28>
 ***********
Package rerunfilecheck Info: File `main.out' has not changed.
(rerunfilecheck)             Checksum: EDAA8A3C42B48FB1F4FFBC4E39F45FC7;7361.
 ) 
Here is how much of TeX's memory you used:
 11638 strings out of 467682
 182250 string characters out of 5431538
 631633 words of memory out of 5000000
 40488 multiletter control sequences out of 15000+600000
 634361 words of font info for 62 fonts, out of 8000000 for 9000
 1141 hyphenation exceptions out of 8191
 75i,11n,79p,1293b,789s stack positions out of 10000i,1000n,20000p,200000b,200000s
 <C:\Users\Andres\AppData\Local\MiKTeX\fonts/pk/ljfour/jknappen/ec/dpi600\tcrm1200.pk><C:/MikTeX/fonts/type1/public/amsfonts/cm/cmbx10.pfb><C:/MikTeX/fonts/type1/public/amsfonts/cm/cmbx12.pfb><C:/MikTeX/fonts/type1/public/amsfonts/cm/cmbx8.pfb><C:/MikTeX/fonts/type1/public/amsfonts/cm/cmr10.pfb><C:/MikTeX/fonts/type1/public/amsfonts/cm/cmr12.pfb><C:/MikTeX/fonts/type1/public/amsfonts/cm/cmr8.pfb><C:/MikTeX/fonts/type1/public/amsfonts/cm/cmti12.pfb><C:/MikTeX/fonts/type1/public/amsfonts/cm/cmtt12.pfb>
Output written on main.pdf (24 pages, 250866 bytes).
PDF statistics:
 390 PDF objects out of 1000 (max. 8388607)
 91 named destinations out of 1000 (max. 500000)
 302 words of extra memory for PDF output out of 10000 (max. 10000000)

