\BOOKMARK [1][-]{section.1}{\376\377\000R\000e\000q\000u\000e\000r\000i\000m\000i\000e\000n\000t\000o\000s}{}% 1
\BOOKMARK [2][-]{subsection.1.1}{\376\377\000R\000e\000q\000u\000e\000r\000i\000m\000i\000e\000n\000t\000o\000s\000\040\000d\000e\000\040\000P\000r\000o\000y\000e\000c\000t\000o}{section.1}% 2
\BOOKMARK [2][-]{subsection.1.2}{\376\377\000R\000e\000q\000u\000e\000r\000i\000m\000i\000e\000n\000t\000o\000s\000\040\000d\000e\000\040\000D\000o\000m\000i\000n\000i\000o}{section.1}% 3
\BOOKMARK [2][-]{subsection.1.3}{\376\377\000R\000e\000q\000u\000e\000r\000i\000m\000i\000e\000n\000t\000o\000s\000\040\000d\000e\000\040\000P\000r\000o\000d\000u\000c\000t\000o}{section.1}% 4
\BOOKMARK [1][-]{section.2}{\376\377\000U\000s\000u\000a\000r\000i\000o\000s}{}% 5
\BOOKMARK [1][-]{section.3}{\376\377\000M\000\363\000d\000u\000l\000o\000s\000\040\000F\000u\000n\000c\000i\000o\000n\000a\000l\000e\000s}{}% 6
\BOOKMARK [2][-]{subsection.3.1}{\376\377\000D\000e\000s\000c\000r\000i\000p\000c\000i\000\363\000n\000\040\000d\000e\000\040\000M\000\363\000d\000u\000l\000o\000s}{section.3}% 7
\BOOKMARK [2][-]{subsection.3.2}{\376\377\000M\000a\000t\000r\000i\000z\000\040\000d\000e\000\040\000T\000r\000a\000z\000a\000b\000i\000l\000i\000d\000a\000d\000:\000\040\000A\000c\000t\000o\000r\000e\000s\000\040\000v\000s\000.\000\040\000M\000\363\000d\000u\000l\000o\000s}{section.3}% 8
\BOOKMARK [2][-]{subsection.3.3}{\376\377\000M\000a\000t\000r\000i\000z\000\040\000d\000e\000\040\000M\000\363\000d\000u\000l\000o\000s\000\040\000v\000s\000.\000\040\000A\000t\000r\000i\000b\000u\000t\000o\000s\000\040\000I\000S\000O\000\040\0002\0005\0000\0001\0000}{section.3}% 9
\BOOKMARK [1][-]{section.4}{\376\377\000R\000e\000s\000t\000r\000i\000c\000c\000i\000o\000n\000e\000s\000\040\000y\000\040\000R\000i\000e\000s\000g\000o\000s}{}% 10
\BOOKMARK [2][-]{subsection.4.1}{\376\377\000R\000e\000s\000t\000r\000i\000c\000c\000i\000o\000n\000e\000s\000\040\000A\000r\000q\000u\000i\000t\000e\000c\000t\000\363\000n\000i\000c\000a\000s}{section.4}% 11
\BOOKMARK [2][-]{subsection.4.2}{\376\377\000R\000i\000e\000s\000g\000o\000s\000\040\000d\000e\000l\000\040\000P\000r\000o\000y\000e\000c\000t\000o}{section.4}% 12
\BOOKMARK [1][-]{section.5}{\376\377\000A\000t\000r\000i\000b\000u\000t\000o\000s\000\040\000d\000e\000\040\000C\000a\000l\000i\000d\000a\000d\000\040\000s\000e\000g\000\372\000n\000\040\000I\000S\000O\000\040\0002\0005\0000\0001\0000}{}% 13
\BOOKMARK [1][-]{section.6}{\376\377\000E\000s\000c\000e\000n\000a\000r\000i\000o\000s\000\040\000d\000e\000\040\000C\000a\000l\000i\000d\000a\000d}{}% 14
\BOOKMARK [2][-]{subsection.6.1}{\376\377\000E\000f\000i\000c\000i\000e\000n\000c\000i\000a\000\040\000d\000e\000\040\000D\000e\000s\000e\000m\000p\000e\000\361\000o}{section.6}% 15
\BOOKMARK [2][-]{subsection.6.2}{\376\377\000F\000i\000a\000b\000i\000l\000i\000d\000a\000d}{section.6}% 16
\BOOKMARK [2][-]{subsection.6.3}{\376\377\000S\000e\000g\000u\000r\000i\000d\000a\000d}{section.6}% 17
\BOOKMARK [2][-]{subsection.6.4}{\376\377\000C\000o\000m\000p\000a\000t\000i\000b\000i\000l\000i\000d\000a\000d}{section.6}% 18
\BOOKMARK [2][-]{subsection.6.5}{\376\377\000U\000s\000a\000b\000i\000l\000i\000d\000a\000d}{section.6}% 19
\BOOKMARK [2][-]{subsection.6.6}{\376\377\000M\000a\000n\000t\000e\000n\000i\000b\000i\000l\000i\000d\000a\000d}{section.6}% 20
\BOOKMARK [2][-]{subsection.6.7}{\376\377\000P\000o\000r\000t\000a\000b\000i\000l\000i\000d\000a\000d}{section.6}% 21
\BOOKMARK [2][-]{subsection.6.8}{\376\377\000A\000d\000e\000c\000u\000a\000c\000i\000\363\000n\000\040\000F\000u\000n\000c\000i\000o\000n\000a\000l}{section.6}% 22
\BOOKMARK [1][-]{section.7}{\376\377\000A\000c\000u\000e\000r\000d\000o\000s\000\040\000d\000e\000\040\000l\000o\000s\000\040\000A\000t\000r\000i\000b\000u\000t\000o\000s\000\040\000d\000e\000\040\000C\000a\000l\000i\000d\000a\000d\000\040\000\050\000S\000L\000A\000\051}{}% 23
\BOOKMARK [1][-]{section.8}{\376\377\000R\000e\000g\000i\000s\000t\000r\000o\000s\000\040\000d\000e\000\040\000D\000e\000c\000i\000s\000i\000o\000n\000e\000s\000\040\000A\000r\000q\000u\000i\000t\000e\000c\000t\000\363\000n\000i\000c\000a\000s\000\040\000\050\000A\000D\000R\000s\000\051}{}% 24
\BOOKMARK [1][-]{section.9}{\376\377\000A\000r\000q\000u\000i\000t\000e\000c\000t\000u\000r\000a\000\040\000d\000e\000\040\000A\000l\000t\000o\000\040\000N\000i\000v\000e\000l\000\040\000\050\000H\000L\000D\000\051}{}% 25
\BOOKMARK [2][-]{subsection.9.1}{\376\377\000Z\000o\000n\000a\000s\000\040\000d\000e\000\040\000l\000a\000\040\000A\000r\000q\000u\000i\000t\000e\000c\000t\000u\000r\000a}{section.9}% 26
\BOOKMARK [2][-]{subsection.9.2}{\376\377\000F\000l\000u\000j\000o\000\040\000d\000e\000\040\000u\000n\000a\000\040\000A\000l\000e\000r\000t\000a\000\040\000C\000r\000\355\000t\000i\000c\000a}{section.9}% 27
\BOOKMARK [2][-]{subsection.9.3}{\376\377\000P\000a\000t\000r\000o\000n\000e\000s\000\040\000A\000r\000q\000u\000i\000t\000e\000c\000t\000\363\000n\000i\000c\000o\000s\000\040\000A\000p\000l\000i\000c\000a\000d\000o\000s}{section.9}% 28
\BOOKMARK [1][-]{section.10}{\376\377\000D\000i\000a\000g\000r\000a\000m\000a\000\040\000d\000e\000\040\000D\000e\000s\000p\000l\000i\000e\000g\000u\000e}{}% 29
\BOOKMARK [2][-]{subsection.10.1}{\376\377\000V\000i\000s\000t\000a\000\040\000d\000e\000\040\000D\000e\000s\000p\000l\000i\000e\000g\000u\000e\000\040\000I\000m\000p\000l\000e\000m\000e\000n\000t\000a\000d\000a}{section.10}% 30
\BOOKMARK [2][-]{subsection.10.2}{\376\377\000L\000e\000c\000t\000u\000r\000a\000\040\000e\000\040\000I\000n\000t\000e\000r\000p\000r\000e\000t\000a\000c\000i\000\363\000n\000\040\000d\000e\000l\000\040\000D\000i\000a\000g\000r\000a\000m\000a}{section.10}% 31
\BOOKMARK [2][-]{subsection.10.3}{\376\377\000D\000e\000c\000i\000s\000i\000o\000n\000e\000s\000\040\000d\000e\000\040\000D\000e\000s\000p\000l\000i\000e\000g\000u\000e\000\040\000y\000\040\000J\000u\000s\000t\000i\000f\000i\000c\000a\000c\000i\000\363\000n\000\040\000T\000\351\000c\000n\000i\000c\000a}{section.10}% 32
\BOOKMARK [2][-]{subsection.10.4}{\376\377\000N\000o\000d\000o\000s\000\040\000d\000e\000\040\000D\000e\000s\000p\000l\000i\000e\000g\000u\000e\000\040\000y\000\040\000R\000e\000s\000p\000o\000n\000s\000a\000b\000i\000l\000i\000d\000a\000d\000e\000s}{section.10}% 33
\BOOKMARK [1][-]{section.11}{\376\377\000E\000n\000t\000r\000e\000g\000a\000b\000l\000e\000s}{}% 34
\BOOKMARK [2][-]{subsection.11.1}{\376\377\000D\000o\000c\000u\000m\000e\000n\000t\000o}{section.11}% 35
\BOOKMARK [2][-]{subsection.11.2}{\376\377\000L\000e\000c\000c\000i\000o\000n\000e\000s\000\040\000A\000p\000r\000e\000n\000d\000i\000d\000a\000s\000\040\000y\000\040\000C\000o\000n\000c\000l\000u\000s\000i\000o\000n\000e\000s}{section.11}% 36
